This file contains any messages produced by compilers while
running configure, to aid debugging if configure makes a mistake.

It was created by nettle configure 2.7.1, which was
generated by GNU Autoconf 2.69.  Invocation command line was

  $ ./configure 

## --------- ##
## Platform. ##
## --------- ##

hostname = whodat-40-253.galois.com
uname -m = x86_64
uname -r = 13.1.0
uname -s = Darwin
uname -v = Darwin Kernel Version 13.1.0: Thu Jan 16 19:40:37 PST 2014; root:xnu-2422.90.20~2/RELEASE_X86_64

/usr/bin/uname -p = i386
/bin/uname -X     = unknown

/bin/arch              = unknown
/usr/bin/arch -k       = unknown
/usr/convex/getsysinfo = unknown
/usr/bin/hostinfo      = Mach kernel version:
	 Darwin Kernel Version 13.1.0: Thu Jan 16 19:40:37 PST 2014; root:xnu-2422.90.20~2/RELEASE_X86_64
Kernel configured for up to 8 processors.
4 processors are physically available.
8 processors are logically available.
Processor type: i486 (Intel 80486)
Processors active: 0 1 2 3 4 5 6 7
Primary memory available: 16.00 gigabytes
Default processor set: 247 tasks, 1253 threads, 8 processors
Load average: 1.41, Mach factor: 6.57
/bin/machine           = unknown
/usr/bin/oslevel       = unknown
/bin/universe          = unknown

PATH: /opt/local/bin
PATH: /opt/local/sbin
PATH: /opt/local/bin
PATH: /opt/local/sbin
PATH: /opt/local/bin
PATH: /opt/local/sbin
PATH: /opt/local/bin
PATH: /opt/local/sbin
PATH: /Library/Java/JavaVirtualMachines/jdk1.7.0_45.jdk/Contents/Home/bin
PATH: /usr/texbin
PATH: .
PATH: /bin
PATH: /bin
PATH: /Users/kiniry/Library/Haskell/bin
PATH: /usr/local/pvs
PATH: /usr/local/sal/bin
PATH: /usr/local/bin
PATH: /opt/local/bin
PATH: /usr/X11/bin
PATH: /usr/X11R6/bin
PATH: /usr/local/bin
PATH: /usr/bin
PATH: /usr/bin
PATH: /bin
PATH: /sbin
PATH: /usr/sbin
PATH: /etc
PATH: .
PATH: /Users/kiniry/Library/Haskell/bin


## ----------- ##
## Core tests. ##
## ----------- ##

configure:2525: checking build system type
configure:2539: result: x86_64-apple-darwin13.1.0
configure:2559: checking host system type
configure:2572: result: x86_64-apple-darwin13.1.0
configure:2692: checking for -R flag
configure:2711: result: none
configure:2721: result: Searching for libraries
configure:2728: checking /usr/local/lib/lib
configure:2755: result: not found
configure:2728: checking /usr/local/lib
configure:2746: result: added
configure:2728: checking /sw/local/lib
configure:2755: result: not found
configure:2728: checking /sw/lib
configure:2755: result: not found
configure:2728: checking /usr/gnu/lib
configure:2755: result: not found
configure:2728: checking /opt/gnu/lib
configure:2755: result: not found
configure:2728: checking /sw/gnu/lib
configure:2755: result: not found
configure:2728: checking /usr/freeware/lib
configure:2755: result: not found
configure:2728: checking /usr/pkg/lib
configure:2755: result: not found
configure:2811: checking for gcc
configure:2827: found /usr/local/bin/gcc
configure:2838: result: gcc
configure:3067: checking for C compiler version
configure:3076: gcc --version >&5
i686-apple-darwin11-gcc-4.2.1 (GCC) 4.2.1 (Apple Inc. build 5666) (dot 3)
Copyright (C) 2007 Free Software Foundation, Inc.
This is free software; see the source for copying conditions.  There is NO
warranty; not even for MERCHANTABILITY or FITNESS FOR A PARTICULAR PURPOSE.

configure:3087: $? = 0
configure:3076: gcc -v >&5
Using built-in specs.
Target: i686-apple-darwin11
Configured with: /Volumes/Media/Builds/gcc-5666.3/build/obj/src/configure --disable-checking --prefix=/usr --mandir=/share/man --enable-languages=c,objc,c++,obj-c++,fortran --program-transform-name=/^[cg][^.-]*$/s/$/-4.2/ --with-slibdir=/usr/lib --build=i686-apple-darwin11 --program-prefix=i686-apple-darwin11- --host=x86_64-apple-darwin11 --target=i686-apple-darwin11 --with-gxx-include-dir=/include/c++/4.2.1
Thread model: posix
gcc version 4.2.1 (Apple Inc. build 5666) (dot 3)
configure:3087: $? = 0
configure:3076: gcc -V >&5
gcc-4.2: argument to `-V' is missing
configure:3087: $? = 1
configure:3076: gcc -qversion >&5
i686-apple-darwin11-gcc-4.2.1: no input files
configure:3087: $? = 1
configure:3107: checking whether the C compiler works
configure:3129: gcc    conftest.c  >&5
configure:3133: $? = 0
configure:3181: result: yes
configure:3184: checking for C compiler default output file name
configure:3186: result: a.out
configure:3192: checking for suffix of executables
configure:3199: gcc -o conftest    conftest.c  >&5
configure:3203: $? = 0
configure:3225: result: 
configure:3247: checking whether we are cross compiling
configure:3255: gcc -o conftest    conftest.c  >&5
configure:3259: $? = 0
configure:3266: ./conftest
configure:3270: $? = 0
configure:3285: result: no
configure:3290: checking for suffix of object files
configure:3312: gcc -c   conftest.c >&5
configure:3316: $? = 0
configure:3337: result: o
configure:3341: checking whether we are using the GNU C compiler
configure:3360: gcc -c   conftest.c >&5
configure:3360: $? = 0
configure:3369: result: yes
configure:3378: checking whether gcc accepts -g
configure:3398: gcc -c -g  conftest.c >&5
configure:3398: $? = 0
configure:3439: result: yes
configure:3456: checking for gcc option to accept ISO C89
configure:3519: gcc  -c -g -O2  conftest.c >&5
configure:3519: $? = 0
configure:3532: result: none needed
configure:3628: checking for g++
configure:3644: found /usr/local/bin/g++
configure:3655: result: g++
configure:3682: checking for C++ compiler version
configure:3691: g++ --version >&5
i686-apple-darwin11-g++-4.2.1 (GCC) 4.2.1 (Apple Inc. build 5666) (dot 3)
Copyright (C) 2007 Free Software Foundation, Inc.
This is free software; see the source for copying conditions.  There is NO
warranty; not even for MERCHANTABILITY or FITNESS FOR A PARTICULAR PURPOSE.

configure:3702: $? = 0
configure:3691: g++ -v >&5
Using built-in specs.
Target: i686-apple-darwin11
Configured with: /Volumes/Media/Builds/gcc-5666.3/build/obj/src/configure --disable-checking --prefix=/usr --mandir=/share/man --enable-languages=c,objc,c++,obj-c++,fortran --program-transform-name=/^[cg][^.-]*$/s/$/-4.2/ --with-slibdir=/usr/lib --build=i686-apple-darwin11 --program-prefix=i686-apple-darwin11- --host=x86_64-apple-darwin11 --target=i686-apple-darwin11 --with-gxx-include-dir=/include/c++/4.2.1
Thread model: posix
gcc version 4.2.1 (Apple Inc. build 5666) (dot 3)
configure:3702: $? = 0
configure:3691: g++ -V >&5
g++-4.2: argument to `-V' is missing
configure:3702: $? = 1
configure:3691: g++ -qversion >&5
i686-apple-darwin11-g++-4.2.1: no input files
configure:3702: $? = 1
configure:3706: checking whether we are using the GNU C++ compiler
configure:3725: g++ -c   conftest.cpp >&5
configure:3725: $? = 0
configure:3734: result: yes
configure:3743: checking whether g++ accepts -g
configure:3763: g++ -c -g  conftest.cpp >&5
configure:3763: $? = 0
configure:3804: result: yes
configure:3846: g++ -c -g -O2  conftest.cpp >&5
configure:3846: $? = 0
configure:3860: checking whether make sets $(MAKE)
configure:3882: result: yes
configure:3934: checking for ranlib
configure:3950: found /usr/bin/ranlib
configure:3961: result: ranlib
configure:4026: checking for nm
configure:4042: found /usr/bin/nm
configure:4053: result: nm
configure:4119: checking for objdump
configure:4149: result: no
configure:4211: checking for ar
configure:4227: found /usr/bin/ar
configure:4238: result: ar
configure:4279: checking for a BSD-compatible install
configure:4347: result: /usr/bin/install -c
configure:4361: checking for a thread-safe mkdir -p
configure:4400: result: ./install-sh -c -d
configure:4404: checking whether ln -s works
configure:4408: result: yes
configure:4528: checking for build system executable suffix
configure:4563: result: 
configure:4640: gcc -c -g -O2  conftest.c >&5
conftest.c:11:2: error: #error 64-bit x86
configure:4640: $? = 1
configure: failed program was:
| /* confdefs.h */
| #define PACKAGE_NAME "nettle"
| #define PACKAGE_TARNAME "nettle"
| #define PACKAGE_VERSION "2.7.1"
| #define PACKAGE_STRING "nettle 2.7.1"
| #define PACKAGE_BUGREPORT "nettle-bugs@lists.lysator.liu.se"
| #define PACKAGE_URL ""
| /* end confdefs.h.  */
| 
| #if defined(__x86_64__) || defined(__arch64__)
| #error 64-bit x86
| #endif
| 
| int
| main ()
| {
| 
|   ;
|   return 0;
| }
configure:4681: Compiler uses 64-bit ABI. To change, set CC.
configure:4723: WARNING: Don't know where to install 64-bit libraries on this system.
configure:4726: Libraries to be installed in ${exec_prefix}/lib.
configure:4840: Looking for assembler files in x86_64.
configure:4890: checking CCPIC
configure:4934: gcc -c -g -O2 -fPIC  conftest.c >&5
conftest.c: In function 'main':
conftest.c:18: warning: incompatible implicit declaration of built-in function 'exit'
configure:4934: $? = 0
configure:4945: result: -fPIC
configure:5064: checking if globals are prefixed by underscore
configure:5075: gcc -c -g -O2  conftest.c >&5
configure:5075: $? = 0
configure:5091: result: yes
configure:5097: checking for ELF-style .type,%function pseudo-ops
configure:5114: gcc -g -O2  -c conftest.s >conftest.out 2>&1
configure:5117: $? = 1
conftest.s:4:Unknown pseudo-op: .type
conftest.s:4:Rest of line ignored. 1st junk character valued 102 (f).
conftest.s:8:Unknown pseudo-op: .size
conftest.s:8:Rest of line ignored. 1st junk character valued 102 (f).
configure: failed program was:

.text
.globl foo
.type foo,%function
foo:
.Lend:

.size foo, .Lend - foo

configure:5130: result: no
configure:5133: checking for ELF-style .type,#function pseudo-ops
configure:5150: gcc -g -O2  -c conftest.s >conftest.out 2>&1
configure:5153: $? = 1
conftest.s:4:Unknown pseudo-op: .type
conftest.s:4:Rest of line ignored. 1st junk character valued 102 (f).
conftest.s:8:Unknown pseudo-op: .size
conftest.s:8:Rest of line ignored. 1st junk character valued 102 (f).
configure: failed program was:

.text
.globl foo
.type foo,#function
foo:
.Lend:

.size foo, .Lend - foo

configure:5166: result: no
configure:5181: checking if we should use a .note.GNU-stack section
configure:5193: gcc -g -O2  -c conftest.c >conftest.out 2>&1
configure:5196: $? = 0
configure:5208: result: no
configure:5214: checking if .align assembly directive is logarithmic
configure:5225: gcc -g -O2  -c conftest.s >conftest.out 2>&1
configure:5228: $? = 0
configure:5241: result: yes
configure:5277: checking for m4
configure:5295: found /usr/bin/m4
configure:5308: result: /usr/bin/m4
configure:5322: checking for an ANSI C-conforming const
configure:5388: gcc -c -g -O2  conftest.c >&5
configure:5388: $? = 0
configure:5395: result: yes
configure:5403: checking for inline
configure:5419: gcc -c -g -O2  conftest.c >&5
configure:5419: $? = 0
configure:5427: result: inline
configure:5450: checking how to run the C preprocessor
configure:5481: gcc -E  conftest.c
configure:5481: $? = 0
configure:5495: gcc -E  conftest.c
conftest.c:14:28: error: ac_nonexistent.h: No such file or directory
configure:5495: $? = 1
configure: failed program was:
| /* confdefs.h */
| #define PACKAGE_NAME "nettle"
| #define PACKAGE_TARNAME "nettle"
| #define PACKAGE_VERSION "2.7.1"
| #define PACKAGE_STRING "nettle 2.7.1"
| #define PACKAGE_BUGREPORT "nettle-bugs@lists.lysator.liu.se"
| #define PACKAGE_URL ""
| #define HAVE_NATIVE_ecc_192_modp 1
| #define HAVE_NATIVE_ecc_224_modp 1
| #define HAVE_NATIVE_ecc_256_redc 1
| #define HAVE_NATIVE_ecc_384_modp 1
| #define HAVE_NATIVE_ecc_521_modp 1
| /* end confdefs.h.  */
| #include <ac_nonexistent.h>
configure:5520: result: gcc -E
configure:5540: gcc -E  conftest.c
configure:5540: $? = 0
configure:5554: gcc -E  conftest.c
conftest.c:14:28: error: ac_nonexistent.h: No such file or directory
configure:5554: $? = 1
configure: failed program was:
| /* confdefs.h */
| #define PACKAGE_NAME "nettle"
| #define PACKAGE_TARNAME "nettle"
| #define PACKAGE_VERSION "2.7.1"
| #define PACKAGE_STRING "nettle 2.7.1"
| #define PACKAGE_BUGREPORT "nettle-bugs@lists.lysator.liu.se"
| #define PACKAGE_URL ""
| #define HAVE_NATIVE_ecc_192_modp 1
| #define HAVE_NATIVE_ecc_224_modp 1
| #define HAVE_NATIVE_ecc_256_redc 1
| #define HAVE_NATIVE_ecc_384_modp 1
| #define HAVE_NATIVE_ecc_521_modp 1
| /* end confdefs.h.  */
| #include <ac_nonexistent.h>
configure:5583: checking for grep that handles long lines and -e
configure:5641: result: /usr/bin/grep
configure:5646: checking for egrep
configure:5708: result: /usr/bin/grep -E
configure:5713: checking for uid_t in sys/types.h
configure:5732: result: yes
configure:5743: checking for ANSI C header files
configure:5763: gcc -c -g -O2  conftest.c >&5
configure:5763: $? = 0
configure:5836: gcc -o conftest -g -O2   conftest.c  >&5
configure:5836: $? = 0
configure:5836: ./conftest
configure:5836: $? = 0
configure:5847: result: yes
configure:5860: checking for sys/types.h
configure:5860: gcc -c -g -O2  conftest.c >&5
configure:5860: $? = 0
configure:5860: result: yes
configure:5860: checking for sys/stat.h
configure:5860: gcc -c -g -O2  conftest.c >&5
configure:5860: $? = 0
configure:5860: result: yes
configure:5860: checking for stdlib.h
configure:5860: gcc -c -g -O2  conftest.c >&5
configure:5860: $? = 0
configure:5860: result: yes
configure:5860: checking for string.h
configure:5860: gcc -c -g -O2  conftest.c >&5
configure:5860: $? = 0
configure:5860: result: yes
configure:5860: checking for memory.h
configure:5860: gcc -c -g -O2  conftest.c >&5
configure:5860: $? = 0
configure:5860: result: yes
configure:5860: checking for strings.h
configure:5860: gcc -c -g -O2  conftest.c >&5
configure:5860: $? = 0
configure:5860: result: yes
configure:5860: checking for inttypes.h
configure:5860: gcc -c -g -O2  conftest.c >&5
configure:5860: $? = 0
configure:5860: result: yes
configure:5860: checking for stdint.h
configure:5860: gcc -c -g -O2  conftest.c >&5
configure:5860: $? = 0
configure:5860: result: yes
configure:5860: checking for unistd.h
configure:5860: gcc -c -g -O2  conftest.c >&5
configure:5860: $? = 0
configure:5860: result: yes
configure:5872: checking for size_t
configure:5872: gcc -c -g -O2  conftest.c >&5
configure:5872: $? = 0
configure:5872: gcc -c -g -O2  conftest.c >&5
conftest.c: In function 'main':
conftest.c:60: error: expected expression before ')' token
configure:5872: $? = 1
configure: failed program was:
| /* confdefs.h */
| #define PACKAGE_NAME "nettle"
| #define PACKAGE_TARNAME "nettle"
| #define PACKAGE_VERSION "2.7.1"
| #define PACKAGE_STRING "nettle 2.7.1"
| #define PACKAGE_BUGREPORT "nettle-bugs@lists.lysator.liu.se"
| #define PACKAGE_URL ""
| #define HAVE_NATIVE_ecc_192_modp 1
| #define HAVE_NATIVE_ecc_224_modp 1
| #define HAVE_NATIVE_ecc_256_redc 1
| #define HAVE_NATIVE_ecc_384_modp 1
| #define HAVE_NATIVE_ecc_521_modp 1
| #define STDC_HEADERS 1
| #define HAVE_SYS_TYPES_H 1
| #define HAVE_SYS_STAT_H 1
| #define HAVE_STDLIB_H 1
| #define HAVE_STRING_H 1
| #define HAVE_MEMORY_H 1
| #define HAVE_STRINGS_H 1
| #define HAVE_INTTYPES_H 1
| #define HAVE_STDINT_H 1
| #define HAVE_UNISTD_H 1
| /* end confdefs.h.  */
| #include <stdio.h>
| #ifdef HAVE_SYS_TYPES_H
| # include <sys/types.h>
| #endif
| #ifdef HAVE_SYS_STAT_H
| # include <sys/stat.h>
| #endif
| #ifdef STDC_HEADERS
| # include <stdlib.h>
| # include <stddef.h>
| #else
| # ifdef HAVE_STDLIB_H
| #  include <stdlib.h>
| # endif
| #endif
| #ifdef HAVE_STRING_H
| # if !defined STDC_HEADERS && defined HAVE_MEMORY_H
| #  include <memory.h>
| # endif
| # include <string.h>
| #endif
| #ifdef HAVE_STRINGS_H
| # include <strings.h>
| #endif
| #ifdef HAVE_INTTYPES_H
| # include <inttypes.h>
| #endif
| #ifdef HAVE_STDINT_H
| # include <stdint.h>
| #endif
| #ifdef HAVE_UNISTD_H
| # include <unistd.h>
| #endif
| int
| main ()
| {
| if (sizeof ((size_t)))
| 	    return 0;
|   ;
|   return 0;
| }
configure:5872: result: yes
configure:5883: checking whether time.h and sys/time.h may both be included
configure:5903: gcc -c -g -O2  conftest.c >&5
configure:5903: $? = 0
configure:5910: result: yes
configure:5922: checking size of long
configure:5927: gcc -o conftest -g -O2   conftest.c  >&5
configure:5927: $? = 0
configure:5927: ./conftest
configure:5927: $? = 0
configure:5941: result: 8
configure:5953: checking alignment of uint64_t
configure:5958: gcc -o conftest -g -O2   conftest.c  >&5
configure:5958: $? = 0
configure:5958: ./conftest
configure:5958: $? = 0
configure:5976: result: 8
configure:5993: checking openssl/blowfish.h usability
configure:5993: gcc -c -g -O2  conftest.c >&5
configure:5993: $? = 0
configure:5993: result: yes
configure:5993: checking openssl/blowfish.h presence
configure:5993: gcc -E  conftest.c
configure:5993: $? = 0
configure:5993: result: yes
configure:5993: checking for openssl/blowfish.h
configure:5993: result: yes
configure:5993: checking openssl/des.h usability
configure:5993: gcc -c -g -O2  conftest.c >&5
configure:5993: $? = 0
configure:5993: result: yes
configure:5993: checking openssl/des.h presence
configure:5993: gcc -E  conftest.c
configure:5993: $? = 0
configure:5993: result: yes
configure:5993: checking for openssl/des.h
configure:5993: result: yes
configure:5993: checking openssl/cast.h usability
configure:5993: gcc -c -g -O2  conftest.c >&5
configure:5993: $? = 0
configure:5993: result: yes
configure:5993: checking openssl/cast.h presence
configure:5993: gcc -E  conftest.c
configure:5993: $? = 0
configure:5993: result: yes
configure:5993: checking for openssl/cast.h
configure:5993: result: yes
configure:5993: checking openssl/aes.h usability
configure:5993: gcc -c -g -O2  conftest.c >&5
configure:5993: $? = 0
configure:5993: result: yes
configure:5993: checking openssl/aes.h presence
configure:5993: gcc -E  conftest.c
configure:5993: $? = 0
configure:5993: result: yes
configure:5993: checking for openssl/aes.h
configure:5993: result: yes
configure:6009: checking for working alloca.h
configure:6026: gcc -o conftest -g -O2   conftest.c  >&5
configure:6026: $? = 0
configure:6034: result: yes
configure:6042: checking for alloca
configure:6079: gcc -o conftest -g -O2   conftest.c  >&5
configure:6079: $? = 0
configure:6087: result: yes
configure:6195: checking malloc.h usability
configure:6195: gcc -c -g -O2  conftest.c >&5
conftest.c:66:20: error: malloc.h: No such file or directory
configure:6195: $? = 1
configure: failed program was:
| /* confdefs.h */
| #define PACKAGE_NAME "nettle"
| #define PACKAGE_TARNAME "nettle"
| #define PACKAGE_VERSION "2.7.1"
| #define PACKAGE_STRING "nettle 2.7.1"
| #define PACKAGE_BUGREPORT "nettle-bugs@lists.lysator.liu.se"
| #define PACKAGE_URL ""
| #define HAVE_NATIVE_ecc_192_modp 1
| #define HAVE_NATIVE_ecc_224_modp 1
| #define HAVE_NATIVE_ecc_256_redc 1
| #define HAVE_NATIVE_ecc_384_modp 1
| #define HAVE_NATIVE_ecc_521_modp 1
| #define STDC_HEADERS 1
| #define HAVE_SYS_TYPES_H 1
| #define HAVE_SYS_STAT_H 1
| #define HAVE_STDLIB_H 1
| #define HAVE_STRING_H 1
| #define HAVE_MEMORY_H 1
| #define HAVE_STRINGS_H 1
| #define HAVE_INTTYPES_H 1
| #define HAVE_STDINT_H 1
| #define HAVE_UNISTD_H 1
| #define TIME_WITH_SYS_TIME 1
| #define SIZEOF_LONG 8
| #define ALIGNOF_UINT64_T 8
| #define HAVE_OPENSSL_BLOWFISH_H 1
| #define HAVE_OPENSSL_DES_H 1
| #define HAVE_OPENSSL_CAST_H 1
| #define HAVE_OPENSSL_AES_H 1
| #define HAVE_ALLOCA_H 1
| #define HAVE_ALLOCA 1
| /* end confdefs.h.  */
| #include <stdio.h>
| #ifdef HAVE_SYS_TYPES_H
| # include <sys/types.h>
| #endif
| #ifdef HAVE_SYS_STAT_H
| # include <sys/stat.h>
| #endif
| #ifdef STDC_HEADERS
| # include <stdlib.h>
| # include <stddef.h>
| #else
| # ifdef HAVE_STDLIB_H
| #  include <stdlib.h>
| # endif
| #endif
| #ifdef HAVE_STRING_H
| # if !defined STDC_HEADERS && defined HAVE_MEMORY_H
| #  include <memory.h>
| # endif
| # include <string.h>
| #endif
| #ifdef HAVE_STRINGS_H
| # include <strings.h>
| #endif
| #ifdef HAVE_INTTYPES_H
| # include <inttypes.h>
| #endif
| #ifdef HAVE_STDINT_H
| # include <stdint.h>
| #endif
| #ifdef HAVE_UNISTD_H
| # include <unistd.h>
| #endif
| #include <malloc.h>
configure:6195: result: no
configure:6195: checking malloc.h presence
configure:6195: gcc -E  conftest.c
conftest.c:33:20: error: malloc.h: No such file or directory
configure:6195: $? = 1
configure: failed program was:
| /* confdefs.h */
| #define PACKAGE_NAME "nettle"
| #define PACKAGE_TARNAME "nettle"
| #define PACKAGE_VERSION "2.7.1"
| #define PACKAGE_STRING "nettle 2.7.1"
| #define PACKAGE_BUGREPORT "nettle-bugs@lists.lysator.liu.se"
| #define PACKAGE_URL ""
| #define HAVE_NATIVE_ecc_192_modp 1
| #define HAVE_NATIVE_ecc_224_modp 1
| #define HAVE_NATIVE_ecc_256_redc 1
| #define HAVE_NATIVE_ecc_384_modp 1
| #define HAVE_NATIVE_ecc_521_modp 1
| #define STDC_HEADERS 1
| #define HAVE_SYS_TYPES_H 1
| #define HAVE_SYS_STAT_H 1
| #define HAVE_STDLIB_H 1
| #define HAVE_STRING_H 1
| #define HAVE_MEMORY_H 1
| #define HAVE_STRINGS_H 1
| #define HAVE_INTTYPES_H 1
| #define HAVE_STDINT_H 1
| #define HAVE_UNISTD_H 1
| #define TIME_WITH_SYS_TIME 1
| #define SIZEOF_LONG 8
| #define ALIGNOF_UINT64_T 8
| #define HAVE_OPENSSL_BLOWFISH_H 1
| #define HAVE_OPENSSL_DES_H 1
| #define HAVE_OPENSSL_CAST_H 1
| #define HAVE_OPENSSL_AES_H 1
| #define HAVE_ALLOCA_H 1
| #define HAVE_ALLOCA 1
| /* end confdefs.h.  */
| #include <malloc.h>
configure:6195: result: no
configure:6195: checking for malloc.h
configure:6195: result: no
configure:6208: checking for strerror
configure:6208: gcc -o conftest -g -O2   conftest.c  >&5
configure:6208: $? = 0
configure:6208: result: yes
configure:6220: checking whether byte ordering is bigendian
configure:6235: gcc -c -g -O2  conftest.c >&5
configure:6235: $? = 0
configure:6280: gcc -c -g -O2  conftest.c >&5
configure:6280: $? = 0
configure:6298: gcc -c -g -O2  conftest.c >&5
conftest.c: In function 'main':
conftest.c:41: error: 'not' undeclared (first use in this function)
conftest.c:41: error: (Each undeclared identifier is reported only once
conftest.c:41: error: for each function it appears in.)
conftest.c:41: error: expected ';' before 'big'
configure:6298: $? = 1
configure: failed program was:
| /* confdefs.h */
| #define PACKAGE_NAME "nettle"
| #define PACKAGE_TARNAME "nettle"
| #define PACKAGE_VERSION "2.7.1"
| #define PACKAGE_STRING "nettle 2.7.1"
| #define PACKAGE_BUGREPORT "nettle-bugs@lists.lysator.liu.se"
| #define PACKAGE_URL ""
| #define HAVE_NATIVE_ecc_192_modp 1
| #define HAVE_NATIVE_ecc_224_modp 1
| #define HAVE_NATIVE_ecc_256_redc 1
| #define HAVE_NATIVE_ecc_384_modp 1
| #define HAVE_NATIVE_ecc_521_modp 1
| #define STDC_HEADERS 1
| #define HAVE_SYS_TYPES_H 1
| #define HAVE_SYS_STAT_H 1
| #define HAVE_STDLIB_H 1
| #define HAVE_STRING_H 1
| #define HAVE_MEMORY_H 1
| #define HAVE_STRINGS_H 1
| #define HAVE_INTTYPES_H 1
| #define HAVE_STDINT_H 1
| #define HAVE_UNISTD_H 1
| #define TIME_WITH_SYS_TIME 1
| #define SIZEOF_LONG 8
| #define ALIGNOF_UINT64_T 8
| #define HAVE_OPENSSL_BLOWFISH_H 1
| #define HAVE_OPENSSL_DES_H 1
| #define HAVE_OPENSSL_CAST_H 1
| #define HAVE_OPENSSL_AES_H 1
| #define HAVE_ALLOCA_H 1
| #define HAVE_ALLOCA 1
| #define HAVE_STRERROR 1
| /* end confdefs.h.  */
| #include <sys/types.h>
| 		#include <sys/param.h>
| 
| int
| main ()
| {
| #if BYTE_ORDER != BIG_ENDIAN
| 		 not big endian
| 		#endif
| 
|   ;
|   return 0;
| }
configure:6426: result: no
configure:6444: checking for memxor
configure:6444: gcc -o conftest -g -O2   conftest.c  >&5
Undefined symbols for architecture x86_64:
  "_memxor", referenced from:
      _main in cceLlZY4.o
ld: symbol(s) not found for architecture x86_64
collect2: ld returned 1 exit status
configure:6444: $? = 1
configure: failed program was:
| /* confdefs.h */
| #define PACKAGE_NAME "nettle"
| #define PACKAGE_TARNAME "nettle"
| #define PACKAGE_VERSION "2.7.1"
| #define PACKAGE_STRING "nettle 2.7.1"
| #define PACKAGE_BUGREPORT "nettle-bugs@lists.lysator.liu.se"
| #define PACKAGE_URL ""
| #define HAVE_NATIVE_ecc_192_modp 1
| #define HAVE_NATIVE_ecc_224_modp 1
| #define HAVE_NATIVE_ecc_256_redc 1
| #define HAVE_NATIVE_ecc_384_modp 1
| #define HAVE_NATIVE_ecc_521_modp 1
| #define STDC_HEADERS 1
| #define HAVE_SYS_TYPES_H 1
| #define HAVE_SYS_STAT_H 1
| #define HAVE_STDLIB_H 1
| #define HAVE_STRING_H 1
| #define HAVE_MEMORY_H 1
| #define HAVE_STRINGS_H 1
| #define HAVE_INTTYPES_H 1
| #define HAVE_STDINT_H 1
| #define HAVE_UNISTD_H 1
| #define TIME_WITH_SYS_TIME 1
| #define SIZEOF_LONG 8
| #define ALIGNOF_UINT64_T 8
| #define HAVE_OPENSSL_BLOWFISH_H 1
| #define HAVE_OPENSSL_DES_H 1
| #define HAVE_OPENSSL_CAST_H 1
| #define HAVE_OPENSSL_AES_H 1
| #define HAVE_ALLOCA_H 1
| #define HAVE_ALLOCA 1
| #define HAVE_STRERROR 1
| /* end confdefs.h.  */
| /* Define memxor to an innocuous variant, in case <limits.h> declares memxor.
|    For example, HP-UX 11i <limits.h> declares gettimeofday.  */
| #define memxor innocuous_memxor
| 
| /* System header to define __stub macros and hopefully few prototypes,
|     which can conflict with char memxor (); below.
|     Prefer <limits.h> to <assert.h> if __STDC__ is defined, since
|     <limits.h> exists even on freestanding compilers.  */
| 
| #ifdef __STDC__
| # include <limits.h>
| #else
| # include <assert.h>
| #endif
| 
| #undef memxor
| 
| /* Override any GCC internal prototype to avoid an error.
|    Use char because int might match the return type of a GCC
|    builtin and then its argument prototype would still apply.  */
| #ifdef __cplusplus
| extern "C"
| #endif
| char memxor ();
| /* The GNU C library defines this for functions which it implements
|     to always fail with ENOSYS.  Some functions are actually named
|     something starting with __ and the normal name is an alias.  */
| #if defined __stub_memxor || defined __stub___memxor
| choke me
| #endif
| 
| int
| main ()
| {
| return memxor ();
|   ;
|   return 0;
| }
configure:6444: result: no
configure:6459: checking for __attribute__
configure:6485: gcc -c -g -O2  conftest.c >&5
configure:6485: $? = 0
configure:6492: result: yes
configure:6506: checking for stdint types
configure:6529: gcc -c   conftest.c >&5
configure:6529: $? = 0
configure:6554: result: stdint.h (shortcircuit)
configure:6922: result: make use of stdint.h in nettle-stdint.h (assuming C99 compatible system)
configure:6932: checking for fcntl file locking
configure:6959: gcc -c -g -O2  conftest.c >&5
configure:6959: $? = 0
configure:6966: result: yes
configure:6976: checking for __gmpz_getlimbn in -lgmp
configure:7001: gcc -o conftest -g -O2   conftest.c -lgmp   >&5
configure:7001: $? = 0
configure:7010: result: yes
configure:7093: checking for GMP limb size
configure:7095: gcc -o conftest -g -O2   conftest.c -lgmp  >&5
configure:7095: $? = 0
configure:7095: ./conftest
configure:7095: $? = 0
configure:7105: result: 64 bits
configure:7113: checking for __gmpz_powm_sec
configure:7113: gcc -o conftest -g -O2   conftest.c -lgmp  >&5
configure:7113: $? = 0
configure:7113: result: yes
configure:7146: checking for makeinfo
configure:7164: found /usr/bin/makeinfo
configure:7177: result: /usr/bin/makeinfo
configure:7214: checking for BF_ecb_encrypt in -lcrypto
configure:7239: gcc -o conftest -g -O2   conftest.c -lcrypto  -lgmp  >&5
configure:7239: $? = 0
configure:7248: result: yes
configure:7274: checking for library containing clock_gettime
configure:7305: gcc -o conftest -g -O2   conftest.c -lgmp  >&5
Undefined symbols for architecture x86_64:
  "_clock_gettime", referenced from:
      _main in ccwA7Eor.o
ld: symbol(s) not found for architecture x86_64
collect2: ld returned 1 exit status
configure:7305: $? = 1
configure: failed program was:
| /* confdefs.h */
| #define PACKAGE_NAME "nettle"
| #define PACKAGE_TARNAME "nettle"
| #define PACKAGE_VERSION "2.7.1"
| #define PACKAGE_STRING "nettle 2.7.1"
| #define PACKAGE_BUGREPORT "nettle-bugs@lists.lysator.liu.se"
| #define PACKAGE_URL ""
| #define HAVE_NATIVE_ecc_192_modp 1
| #define HAVE_NATIVE_ecc_224_modp 1
| #define HAVE_NATIVE_ecc_256_redc 1
| #define HAVE_NATIVE_ecc_384_modp 1
| #define HAVE_NATIVE_ecc_521_modp 1
| #define STDC_HEADERS 1
| #define HAVE_SYS_TYPES_H 1
| #define HAVE_SYS_STAT_H 1
| #define HAVE_STDLIB_H 1
| #define HAVE_STRING_H 1
| #define HAVE_MEMORY_H 1
| #define HAVE_STRINGS_H 1
| #define HAVE_INTTYPES_H 1
| #define HAVE_STDINT_H 1
| #define HAVE_UNISTD_H 1
| #define TIME_WITH_SYS_TIME 1
| #define SIZEOF_LONG 8
| #define ALIGNOF_UINT64_T 8
| #define HAVE_OPENSSL_BLOWFISH_H 1
| #define HAVE_OPENSSL_DES_H 1
| #define HAVE_OPENSSL_CAST_H 1
| #define HAVE_OPENSSL_AES_H 1
| #define HAVE_ALLOCA_H 1
| #define HAVE_ALLOCA 1
| #define HAVE_STRERROR 1
| #define HAVE_GCC_ATTRIBUTE 1
| #define HAVE_FCNTL_LOCKING 1
| #define HAVE_LIBGMP 1
| #define HAVE_MPZ_POWM_SEC 1
| #define WITH_HOGWEED 1
| #define WITH_OPENSSL 1
| /* end confdefs.h.  */
| 
| /* Override any GCC internal prototype to avoid an error.
|    Use char because int might match the return type of a GCC
|    builtin and then its argument prototype would still apply.  */
| #ifdef __cplusplus
| extern "C"
| #endif
| char clock_gettime ();
| int
| main ()
| {
| return clock_gettime ();
|   ;
|   return 0;
| }
configure:7305: gcc -o conftest -g -O2   conftest.c -lrt  -lgmp  >&5
ld: library not found for -lrt
collect2: ld returned 1 exit status
configure:7305: $? = 1
configure: failed program was:
| /* confdefs.h */
| #define PACKAGE_NAME "nettle"
| #define PACKAGE_TARNAME "nettle"
| #define PACKAGE_VERSION "2.7.1"
| #define PACKAGE_STRING "nettle 2.7.1"
| #define PACKAGE_BUGREPORT "nettle-bugs@lists.lysator.liu.se"
| #define PACKAGE_URL ""
| #define HAVE_NATIVE_ecc_192_modp 1
| #define HAVE_NATIVE_ecc_224_modp 1
| #define HAVE_NATIVE_ecc_256_redc 1
| #define HAVE_NATIVE_ecc_384_modp 1
| #define HAVE_NATIVE_ecc_521_modp 1
| #define STDC_HEADERS 1
| #define HAVE_SYS_TYPES_H 1
| #define HAVE_SYS_STAT_H 1
| #define HAVE_STDLIB_H 1
| #define HAVE_STRING_H 1
| #define HAVE_MEMORY_H 1
| #define HAVE_STRINGS_H 1
| #define HAVE_INTTYPES_H 1
| #define HAVE_STDINT_H 1
| #define HAVE_UNISTD_H 1
| #define TIME_WITH_SYS_TIME 1
| #define SIZEOF_LONG 8
| #define ALIGNOF_UINT64_T 8
| #define HAVE_OPENSSL_BLOWFISH_H 1
| #define HAVE_OPENSSL_DES_H 1
| #define HAVE_OPENSSL_CAST_H 1
| #define HAVE_OPENSSL_AES_H 1
| #define HAVE_ALLOCA_H 1
| #define HAVE_ALLOCA 1
| #define HAVE_STRERROR 1
| #define HAVE_GCC_ATTRIBUTE 1
| #define HAVE_FCNTL_LOCKING 1
| #define HAVE_LIBGMP 1
| #define HAVE_MPZ_POWM_SEC 1
| #define WITH_HOGWEED 1
| #define WITH_OPENSSL 1
| /* end confdefs.h.  */
| 
| /* Override any GCC internal prototype to avoid an error.
|    Use char because int might match the return type of a GCC
|    builtin and then its argument prototype would still apply.  */
| #ifdef __cplusplus
| extern "C"
| #endif
| char clock_gettime ();
| int
| main ()
| {
| return clock_gettime ();
|   ;
|   return 0;
| }
configure:7322: result: no
configure:7483: creating ./config.status

## ---------------------- ##
## Running config.status. ##
## ---------------------- ##

This file was extended by nettle config.status 2.7.1, which was
generated by GNU Autoconf 2.69.  Invocation command line was

  CONFIG_FILES    = 
  CONFIG_HEADERS  = 
  CONFIG_LINKS    = 
  CONFIG_COMMANDS = 
  $ ./config.status 

on whodat-40-253.galois.com

config.status:936: creating config.make
config.status:936: creating config.m4
config.status:936: creating Makefile
config.status:936: creating tools/Makefile
config.status:936: creating testsuite/Makefile
config.status:936: creating examples/Makefile
config.status:936: creating nettle.pc
config.status:936: creating hogweed.pc
config.status:936: creating config.h
config.status:1143: linking x86_64/aes-encrypt-internal.asm to aes-encrypt-internal.asm
config.status:1143: linking x86_64/aes-decrypt-internal.asm to aes-decrypt-internal.asm
config.status:1143: linking x86_64/camellia-crypt-internal.asm to camellia-crypt-internal.asm
config.status:1143: linking x86_64/memxor.asm to memxor.asm
config.status:1143: linking x86_64/salsa20-crypt.asm to salsa20-crypt.asm
config.status:1143: linking x86_64/salsa20-core-internal.asm to salsa20-core-internal.asm
config.status:1143: linking x86_64/serpent-encrypt.asm to serpent-encrypt.asm
config.status:1143: linking x86_64/serpent-decrypt.asm to serpent-decrypt.asm
config.status:1143: linking x86_64/sha1-compress.asm to sha1-compress.asm
config.status:1143: linking x86_64/sha256-compress.asm to sha256-compress.asm
config.status:1143: linking x86_64/sha512-compress.asm to sha512-compress.asm
config.status:1143: linking x86_64/sha3-permute.asm to sha3-permute.asm
config.status:1143: linking x86_64/umac-nh.asm to umac-nh.asm
config.status:1143: linking x86_64/umac-nh-n.asm to umac-nh-n.asm
config.status:1143: linking x86_64/machine.m4 to machine.m4
config.status:1143: linking x86_64/ecc-192-modp.asm to ecc-192-modp.asm
config.status:1143: linking x86_64/ecc-224-modp.asm to ecc-224-modp.asm
config.status:1143: linking x86_64/ecc-256-redc.asm to ecc-256-redc.asm
config.status:1143: linking x86_64/ecc-384-modp.asm to ecc-384-modp.asm
config.status:1143: linking x86_64/ecc-521-modp.asm to ecc-521-modp.asm
config.status:1162: executing dummy-dep-files commands
config.status:1162: executing asm.d commands
config.status:1162: executing nettle-stdint.h commands
config.status:1182: creating nettle-stdint.h : __NETTLE_STDINT_H
configure:9146: summary of build options:

  Version:           nettle 2.7.1
  Host type:         x86_64-apple-darwin13.1.0
  ABI:               64
  Assembly files:    x86_64
  Install prefix:    /usr/local
  Library directory: ${exec_prefix}/lib
  Compiler:          gcc
  Static libraries:  yes
  Shared libraries:  yes
  Public key crypto: yes
  Documentation:     yes


## ---------------- ##
## Cache variables. ##
## ---------------- ##

ac_cv_alignof_uint64_t=8
ac_cv_build=x86_64-apple-darwin13.1.0
ac_cv_c_bigendian=no
ac_cv_c_compiler_gnu=yes
ac_cv_c_const=yes
ac_cv_c_inline=inline
ac_cv_cxx_compiler_gnu=yes
ac_cv_env_CCC_set=
ac_cv_env_CCC_value=
ac_cv_env_CC_FOR_BUILD_set=
ac_cv_env_CC_FOR_BUILD_value=
ac_cv_env_CC_set=
ac_cv_env_CC_value=
ac_cv_env_CFLAGS_set=
ac_cv_env_CFLAGS_value=
ac_cv_env_CPPFLAGS_set=
ac_cv_env_CPPFLAGS_value=
ac_cv_env_CPP_set=
ac_cv_env_CPP_value=
ac_cv_env_CXXFLAGS_set=
ac_cv_env_CXXFLAGS_value=
ac_cv_env_CXX_set=
ac_cv_env_CXX_value=
ac_cv_env_LDFLAGS_set=
ac_cv_env_LDFLAGS_value=
ac_cv_env_LIBS_set=
ac_cv_env_LIBS_value=
ac_cv_env_build_alias_set=
ac_cv_env_build_alias_value=
ac_cv_env_host_alias_set=
ac_cv_env_host_alias_value=
ac_cv_env_target_alias_set=
ac_cv_env_target_alias_value=
ac_cv_func___gmpz_powm_sec=yes
ac_cv_func_alloca_works=yes
ac_cv_func_memxor=no
ac_cv_func_strerror=yes
ac_cv_header_inttypes_h=yes
ac_cv_header_malloc_h=no
ac_cv_header_memory_h=yes
ac_cv_header_openssl_aes_h=yes
ac_cv_header_openssl_blowfish_h=yes
ac_cv_header_openssl_cast_h=yes
ac_cv_header_openssl_des_h=yes
ac_cv_header_stdc=yes
ac_cv_header_stdint=stdint.h
ac_cv_header_stdint_h=yes
ac_cv_header_stdint_t=stdint.h
ac_cv_header_stdlib_h=yes
ac_cv_header_string_h=yes
ac_cv_header_strings_h=yes
ac_cv_header_sys_stat_h=yes
ac_cv_header_sys_types_h=yes
ac_cv_header_time=yes
ac_cv_header_unistd_h=yes
ac_cv_host=x86_64-apple-darwin13.1.0
ac_cv_lib_crypto_BF_ecb_encrypt=yes
ac_cv_lib_gmp___gmpz_getlimbn=yes
ac_cv_objext=o
ac_cv_path_EGREP='/usr/bin/grep -E'
ac_cv_path_GREP=/usr/bin/grep
ac_cv_path_M4=/usr/bin/m4
ac_cv_path_MAKEINFO=/usr/bin/makeinfo
ac_cv_path_install='/usr/bin/install -c'
ac_cv_prog_CPP='gcc -E'
ac_cv_prog_ac_ct_AR=ar
ac_cv_prog_ac_ct_CC=gcc
ac_cv_prog_ac_ct_CXX=g++
ac_cv_prog_ac_ct_NM=nm
ac_cv_prog_ac_ct_RANLIB=ranlib
ac_cv_prog_cc_c89=
ac_cv_prog_cc_g=yes
ac_cv_prog_cxx_g=yes
ac_cv_prog_make_make_set=yes
ac_cv_search_clock_gettime=no
ac_cv_sizeof_long=8
ac_cv_stdint_message='using gnu compiler i686-apple-darwin11-gcc-4.2.1 (GCC) 4.2.1 (Apple Inc. build 5666) (dot 3)'
ac_cv_stdint_result='(assuming C99 compatible system)'
ac_cv_type_size_t=yes
ac_cv_type_uid_t=yes
ac_cv_working_alloca_h=yes
gmp_cv_prog_exeext_for_build=
lsh_cv_c_attribute=yes
lsh_cv_sys_ccpic=-fPIC
nettle_cv_asm_align_log=yes
nettle_cv_asm_gnu_stack=no
nettle_cv_asm_type_hash_function=no
nettle_cv_asm_type_percent_function=no
nettle_cv_asm_underscore=yes
nettle_cv_fcntl_locking=yes
nettle_cv_gmp_numb_bits=64

## ----------------- ##
## Output variables. ##
## ----------------- ##

ALIGNOF_UINT64_T='8'
ALLOCA=''
AR='ar'
ASM_ALIGN_LOG='yes'
ASM_ELF_STYLE='no'
ASM_MARK_NOEXEC_STACK=''
ASM_SYMBOL_PREFIX='_'
ASM_TYPE_FUNCTION='@function'
ASM_TYPE_PROGBITS='@progbits'
BENCH_LIBS='-lgmp '
CC='gcc'
CCPIC='-fPIC'
CCPIC_MAYBE='-fPIC'
CC_FOR_BUILD='gcc'
CFLAGS='-g -O2 -ggdb3 -Wno-pointer-sign -Wall -W   -Wmissing-prototypes -Wmissing-declarations -Wstrict-prototypes   -Wpointer-arith -Wbad-function-cast -Wnested-externs'
CPP='gcc -E'
CPPFLAGS=''
CXX='g++'
CXXFLAGS='-g -O2'
DEFS='-DHAVE_CONFIG_H'
DEP_FLAGS='-MT $@ -MD -MP -MF $@.d'
DEP_INCLUDE='include '
DEP_PROCESS='true'
ECHO_C='\c'
ECHO_N=''
ECHO_T=''
EGREP='/usr/bin/grep -E'
EMULATOR=''
EXEEXT=''
EXEEXT_FOR_BUILD=''
GMP_NUMB_BITS='64'
GREP='/usr/bin/grep'
IF_CXX=''
IF_DLL='#'
IF_DOCUMENTATION=''
IF_HOGWEED=''
IF_SHARED=''
IF_STATIC=''
INSTALL_DATA='${INSTALL} -m 644'
INSTALL_PROGRAM='${INSTALL}'
INSTALL_SCRIPT='${INSTALL}'
LDFLAGS=''
LIBHOGWEED_FILE='libhogweed.$(LIBHOGWEED_MAJOR).$(LIBHOGWEED_MINOR).dylib'
LIBHOGWEED_FILE_SRC='$(LIBHOGWEED_FORLINK)'
LIBHOGWEED_FORLINK='libhogweed.dylib'
LIBHOGWEED_LIBS='-lnettle -lgmp'
LIBHOGWEED_LINK='$(CC) $(CFLAGS) -dynamiclib -L. $(LDFLAGS) -install_name ${libdir}/$(LIBHOGWEED_SONAME) -compatibility_version $(LIBHOGWEED_MAJOR) -current_version $(LIBHOGWEED_MAJOR).$(LIBHOGWEED_MINOR)'
LIBHOGWEED_MAJOR='2'
LIBHOGWEED_MINOR='5'
LIBHOGWEED_SONAME='libhogweed.$(LIBHOGWEED_MAJOR).dylib'
LIBNETTLE_FILE='libnettle.$(LIBNETTLE_MAJOR).$(LIBNETTLE_MINOR).dylib'
LIBNETTLE_FILE_SRC='$(LIBNETTLE_FORLINK)'
LIBNETTLE_FORLINK='libnettle.dylib'
LIBNETTLE_LIBS=''
LIBNETTLE_LINK='$(CC) $(CFLAGS) -dynamiclib $(LDFLAGS) -install_name ${libdir}/$(LIBNETTLE_SONAME) -compatibility_version $(LIBNETTLE_MAJOR) -current_version $(LIBNETTLE_MAJOR).$(LIBNETTLE_MINOR)'
LIBNETTLE_MAJOR='4'
LIBNETTLE_MINOR='7'
LIBNETTLE_SONAME='libnettle.$(LIBNETTLE_MAJOR).dylib'
LIBOBJS=' ${LIBOBJDIR}memxor$U.o'
LIBS='-lgmp '
LN_S='ln -s'
LTLIBOBJS=' ${LIBOBJDIR}memxor$U.lo'
M4='/usr/bin/m4'
MAKEINFO='/usr/bin/makeinfo'
MKDIR_P='./install-sh -c -d'
NM='nm'
OBJDUMP='false'
OBJEXT='o'
OPENSSL_LIBFLAGS='-lcrypto'
OPT_ASM_SOURCES=' ecc-192-modp.asm ecc-224-modp.asm ecc-256-redc.asm ecc-384-modp.asm ecc-521-modp.asm'
PACKAGE_BUGREPORT='nettle-bugs@lists.lysator.liu.se'
PACKAGE_NAME='nettle'
PACKAGE_STRING='nettle 2.7.1'
PACKAGE_TARNAME='nettle'
PACKAGE_URL=''
PACKAGE_VERSION='2.7.1'
PATH_SEPARATOR=':'
RANLIB='ranlib'
SET_MAKE=''
SHELL='/bin/sh'
SHLIBCFLAGS='-fPIC'
W64_ABI='no'
ac_ct_CC='gcc'
ac_ct_CXX='g++'
bindir='${exec_prefix}/bin'
build='x86_64-apple-darwin13.1.0'
build_alias=''
build_cpu='x86_64'
build_os='darwin13.1.0'
build_vendor='apple'
datadir='${datarootdir}'
datarootdir='${prefix}/share'
docdir='${datarootdir}/doc/${PACKAGE_TARNAME}'
dvidir='${docdir}'
exec_prefix='${prefix}'
host='x86_64-apple-darwin13.1.0'
host_alias=''
host_cpu='x86_64'
host_os='darwin13.1.0'
host_vendor='apple'
htmldir='${docdir}'
includedir='${prefix}/include'
infodir='${datarootdir}/info'
libdir='${exec_prefix}/lib'
libexecdir='${exec_prefix}/libexec'
localedir='${datarootdir}/locale'
localstatedir='${prefix}/var'
mandir='${datarootdir}/man'
oldincludedir='/usr/include'
pdfdir='${docdir}'
prefix='/usr/local'
program_transform_name='s,x,x,'
psdir='${docdir}'
sbindir='${exec_prefix}/sbin'
sharedstatedir='${prefix}/com'
sysconfdir='${prefix}/etc'
target_alias=''

## ----------- ##
## confdefs.h. ##
## ----------- ##

/* confdefs.h */
#define PACKAGE_NAME "nettle"
#define PACKAGE_TARNAME "nettle"
#define PACKAGE_VERSION "2.7.1"
#define PACKAGE_STRING "nettle 2.7.1"
#define PACKAGE_BUGREPORT "nettle-bugs@lists.lysator.liu.se"
#define PACKAGE_URL ""
#define HAVE_NATIVE_ecc_192_modp 1
#define HAVE_NATIVE_ecc_224_modp 1
#define HAVE_NATIVE_ecc_256_redc 1
#define HAVE_NATIVE_ecc_384_modp 1
#define HAVE_NATIVE_ecc_521_modp 1
#define STDC_HEADERS 1
#define HAVE_SYS_TYPES_H 1
#define HAVE_SYS_STAT_H 1
#define HAVE_STDLIB_H 1
#define HAVE_STRING_H 1
#define HAVE_MEMORY_H 1
#define HAVE_STRINGS_H 1
#define HAVE_INTTYPES_H 1
#define HAVE_STDINT_H 1
#define HAVE_UNISTD_H 1
#define TIME_WITH_SYS_TIME 1
#define SIZEOF_LONG 8
#define ALIGNOF_UINT64_T 8
#define HAVE_OPENSSL_BLOWFISH_H 1
#define HAVE_OPENSSL_DES_H 1
#define HAVE_OPENSSL_CAST_H 1
#define HAVE_OPENSSL_AES_H 1
#define HAVE_ALLOCA_H 1
#define HAVE_ALLOCA 1
#define HAVE_STRERROR 1
#define HAVE_GCC_ATTRIBUTE 1
#define HAVE_FCNTL_LOCKING 1
#define HAVE_LIBGMP 1
#define HAVE_MPZ_POWM_SEC 1
#define WITH_HOGWEED 1
#define WITH_OPENSSL 1

configure: exit 0

## ---------------------- ##
## Running config.status. ##
## ---------------------- ##

This file was extended by nettle config.status 2.7.1, which was
generated by GNU Autoconf 2.69.  Invocation command line was

  CONFIG_FILES    = 
  CONFIG_HEADERS  = 
  CONFIG_LINKS    = 
  CONFIG_COMMANDS = 
  $ ./config.status config.h

on whodat-40-253.galois.com

config.status:936: creating config.h
config.status:1117: config.h is unchanged
